0 info it worked if it ends with ok
1 verbose cli [ '/usr/bin/nodejs', '/usr/bin/npm', 'version', 'patch' ]
2 info using npm@3.8.6
3 info using node@v5.12.0
4 info git [ 'status', '--porcelain' ]
5 verbose stack Error: Git working directory not clean.
5 verbose stack M src/client/js/views/editors/RichTextEditor.js
5 verbose stack     at /usr/lib/node_modules/npm/lib/version.js:246:19
5 verbose stack     at ChildProcess.exithandler (child_process.js:193:7)
5 verbose stack     at emitTwo (events.js:100:13)
5 verbose stack     at ChildProcess.emit (events.js:185:7)
5 verbose stack     at maybeClose (internal/child_process.js:850:16)
5 verbose stack     at Socket.<anonymous> (internal/child_process.js:323:11)
5 verbose stack     at emitOne (events.js:90:13)
5 verbose stack     at Socket.emit (events.js:182:7)
5 verbose stack     at Pipe._onclose (net.js:484:12)
6 verbose cwd /home/mrzapp/Development/Web/hashbrown-cms
7 error Linux 4.4.0-36-generic
8 error argv "/usr/bin/nodejs" "/usr/bin/npm" "version" "patch"
9 error node v5.12.0
10 error npm  v3.8.6
11 error Git working directory not clean.
11 error M src/client/js/views/editors/RichTextEditor.js
12 error If you need help, you may report this error at:
12 error     <https://github.com/npm/npm/issues>
13 verbose exit [ 1, true ]
