0 info it worked if it ends with ok
1 verbose cli [ '/usr/bin/node', '/usr/bin/npm', 'run', 'watch:docker' ]
2 info using npm@3.5.2
3 info using node@v8.10.0
4 verbose run-script [ 'prewatch:docker', 'watch:docker', 'postwatch:docker' ]
5 info lifecycle hashbrown-cms@1.3.0~prewatch:docker: hashbrown-cms@1.3.0
6 silly lifecycle hashbrown-cms@1.3.0~prewatch:docker: no script for prewatch:docker, continuing
7 info lifecycle hashbrown-cms@1.3.0~watch:docker: hashbrown-cms@1.3.0
8 verbose lifecycle hashbrown-cms@1.3.0~watch:docker: unsafe-perm in lifecycle true
9 verbose lifecycle hashbrown-cms@1.3.0~watch:docker: PATH: /usr/share/npm/bin/node-gyp-bin:/var/www/test.putaitu.com/4002-hashbrown-cms/node_modules/.bin:/usr/local/sbin:/usr/local/bin:/usr/sbin:/usr/bin:/sbin:/bin:/usr/games:/usr/local/games:/snap/bin
10 verbose lifecycle hashbrown-cms@1.3.0~watch:docker: CWD: /var/www/test.putaitu.com/4002-hashbrown-cms
11 silly lifecycle hashbrown-cms@1.3.0~watch:docker: Args: [ '-c',
11 silly lifecycle   'cd ./docker && export NODE_PORT=8080 && sudo docker-compose -f docker-compose.yml -f docker-compose.watch.yml up --build -d && sudo docker-compose logs -f node' ]
12 silly lifecycle hashbrown-cms@1.3.0~watch:docker: Returned: code: 1  signal: null
13 info lifecycle hashbrown-cms@1.3.0~watch:docker: Failed to exec watch:docker script
14 verbose stack Error: hashbrown-cms@1.3.0 watch:docker: `cd ./docker && export NODE_PORT=8080 && sudo docker-compose -f docker-compose.yml -f docker-compose.watch.yml up --build -d && sudo docker-compose logs -f node`
14 verbose stack Exit status 1
14 verbose stack     at EventEmitter.<anonymous> (/usr/share/npm/lib/utils/lifecycle.js:232:16)
14 verbose stack     at emitTwo (events.js:126:13)
14 verbose stack     at EventEmitter.emit (events.js:214:7)
14 verbose stack     at ChildProcess.<anonymous> (/usr/share/npm/lib/utils/spawn.js:24:14)
14 verbose stack     at emitTwo (events.js:126:13)
14 verbose stack     at ChildProcess.emit (events.js:214:7)
14 verbose stack     at maybeClose (internal/child_process.js:925:16)
14 verbose stack     at Process.ChildProcess._handle.onexit (internal/child_process.js:209:5)
15 verbose pkgid hashbrown-cms@1.3.0
16 verbose cwd /var/www/test.putaitu.com/4002-hashbrown-cms/docker
17 error Linux 4.15.0-55-generic
18 error argv "/usr/bin/node" "/usr/bin/npm" "run" "watch:docker"
19 error node v8.10.0
20 error npm  v3.5.2
21 error code ELIFECYCLE
22 error hashbrown-cms@1.3.0 watch:docker: `cd ./docker && export NODE_PORT=8080 && sudo docker-compose -f docker-compose.yml -f docker-compose.watch.yml up --build -d && sudo docker-compose logs -f node`
22 error Exit status 1
23 error Failed at the hashbrown-cms@1.3.0 watch:docker script 'cd ./docker && export NODE_PORT=8080 && sudo docker-compose -f docker-compose.yml -f docker-compose.watch.yml up --build -d && sudo docker-compose logs -f node'.
23 error Make sure you have the latest version of node.js and npm installed.
23 error If you do, this is most likely a problem with the hashbrown-cms package,
23 error not with npm itself.
23 error Tell the author that this fails on your system:
23 error     cd ./docker && export NODE_PORT=8080 && sudo docker-compose -f docker-compose.yml -f docker-compose.watch.yml up --build -d && sudo docker-compose logs -f node
23 error You can get information on how to open an issue for this project with:
23 error     npm bugs hashbrown-cms
23 error Or if that isn't available, you can get their info via:
23 error     npm owner ls hashbrown-cms
23 error There is likely additional logging output above.
24 verbose exit [ 1, true ]
